<?xml version="1.0" encoding="UTF-8"?>
<!-- Generated by org.testng.reporters.JUnitReportReporter -->
<testsuite hostname="DESKTOP-1FLO5NT" failures="0" tests="1" name="switchTabswithAdBlockerExtensionsOn.SwitchTabWithAdBlockerExtension" time="17.710" errors="0" timestamp="2024-12-01T10:57:40 IST" skipped="0">
  <testcase classname="switchTabswithAdBlockerExtensionsOn.SwitchTabWithAdBlockerExtension" name="testWindowSwitch" time="17.710"/>
</testsuite> <!-- switchTabswithAdBlockerExtensionsOn.SwitchTabWithAdBlockerExtension -->
