<?xml version="1.0" encoding="UTF-8"?>
<!-- Generated by org.testng.reporters.JUnitReportReporter -->
<testsuite hostname="DESKTOP-1FLO5NT" failures="0" tests="5" name="testCase.DemoQA" time="127.041" errors="0" timestamp="2024-12-01T12:37:01 IST" skipped="0">
  <testcase classname="testCase.DemoQA" name="FillthePracticeform" time="25.084"/>
  <testcase classname="testCase.DemoQA" name="FillthePracticeform" time="24.681"/>
  <testcase classname="testCase.DemoQA" name="FillthePracticeform" time="25.995"/>
  <testcase classname="testCase.DemoQA" name="FillthePracticeform" time="25.231"/>
  <testcase classname="testCase.DemoQA" name="FillthePracticeform" time="26.050"/>
</testsuite> <!-- testCase.DemoQA -->
